<?xml version="1.0" encoding="UTF-8"?>
<!-- Generated by org.testng.reporters.JUnitXMLReporter -->
<testsuite hostname="CHDSEZ301299D" name="Default test" tests="8" failures="0" timestamp="7 Jul 2015 13:48:27 GMT" time="238.246" errors="0">
  <testcase name="test1_Landing" time="1.116" classname="testtower.NewTest"/>
  <testcase name="test2_Login" time="12.681" classname="testtower.NewTest"/>
  <testcase name="test3_NavigateToMenu" time="15.39" classname="testtower.NewTest"/>
  <testcase name="test5_NavigateToHome" time="115.662" classname="testtower.NewTest"/>
  <testcase name="test6_NavigateToTripHistory" time="26.385" classname="testtower.NewTest"/>
  <testcase name="test7_NavigateToLeaderBoard" time="17.519" classname="testtower.NewTest"/>
  <testcase name="test8_NavigateToSettings" time="16.974" classname="testtower.NewTest"/>
  <testcase name="test9_Logout" time="6.08" classname="testtower.NewTest"/>
</testsuite> <!-- Default test -->
