<?xml version="1.0" encoding="UTF-8"?>
<testng-results skipped="0" failed="0" total="8" passed="8">
  <reporter-output>
  </reporter-output>
  <suite name="Default suite" duration-ms="238246" started-at="2015-07-07T13:44:29Z" finished-at="2015-07-07T13:48:27Z">
    <groups>
    </groups>
    <test name="Default test" duration-ms="238246" started-at="2015-07-07T13:44:29Z" finished-at="2015-07-07T13:48:27Z">
      <class name="testtower.NewTest">
        <test-method status="PASS" signature="setup()[pri:0, instance:testtower.NewTest@1f2afad]" name="setup" is-config="true" duration-ms="26303" started-at="2015-07-07T19:14:29Z" finished-at="2015-07-07T19:14:56Z">
          <reporter-output>
          </reporter-output>
        </test-method> <!-- setup -->
        <test-method status="PASS" signature="test1_Landing()[pri:0, instance:testtower.NewTest@1f2afad]" name="test1_Landing" duration-ms="1116" started-at="2015-07-07T19:14:56Z" finished-at="2015-07-07T19:14:57Z">
          <reporter-output>
          </reporter-output>
        </test-method> <!-- test1_Landing -->
        <test-method status="PASS" signature="test2_Login()[pri:0, instance:testtower.NewTest@1f2afad]" name="test2_Login" duration-ms="12681" started-at="2015-07-07T19:14:57Z" finished-at="2015-07-07T19:15:09Z">
          <reporter-output>
          </reporter-output>
        </test-method> <!-- test2_Login -->
        <test-method status="PASS" signature="test3_NavigateToMenu()[pri:0, instance:testtower.NewTest@1f2afad]" name="test3_NavigateToMenu" duration-ms="15390" started-at="2015-07-07T19:15:09Z" finished-at="2015-07-07T19:15:25Z">
          <reporter-output>
          </reporter-output>
        </test-method> <!-- test3_NavigateToMenu -->
        <test-method status="PASS" signature="test5_NavigateToHome()[pri:0, instance:testtower.NewTest@1f2afad]" name="test5_NavigateToHome" duration-ms="115662" started-at="2015-07-07T19:15:25Z" finished-at="2015-07-07T19:17:20Z">
          <reporter-output>
          </reporter-output>
        </test-method> <!-- test5_NavigateToHome -->
        <test-method status="PASS" signature="test6_NavigateToTripHistory()[pri:0, instance:testtower.NewTest@1f2afad]" name="test6_NavigateToTripHistory" duration-ms="26385" started-at="2015-07-07T19:17:20Z" finished-at="2015-07-07T19:17:47Z">
          <reporter-output>
          </reporter-output>
        </test-method> <!-- test6_NavigateToTripHistory -->
        <test-method status="PASS" signature="test7_NavigateToLeaderBoard()[pri:0, instance:testtower.NewTest@1f2afad]" name="test7_NavigateToLeaderBoard" duration-ms="17519" started-at="2015-07-07T19:17:47Z" finished-at="2015-07-07T19:18:04Z">
          <reporter-output>
          </reporter-output>
        </test-method> <!-- test7_NavigateToLeaderBoard -->
        <test-method status="PASS" signature="test8_NavigateToSettings()[pri:0, instance:testtower.NewTest@1f2afad]" name="test8_NavigateToSettings" duration-ms="16974" started-at="2015-07-07T19:18:04Z" finished-at="2015-07-07T19:18:21Z">
          <reporter-output>
          </reporter-output>
        </test-method> <!-- test8_NavigateToSettings -->
        <test-method status="PASS" signature="test9_Logout()[pri:0, instance:testtower.NewTest@1f2afad]" name="test9_Logout" duration-ms="6080" started-at="2015-07-07T19:18:21Z" finished-at="2015-07-07T19:18:27Z">
          <reporter-output>
          </reporter-output>
        </test-method> <!-- test9_Logout -->
        <test-method status="PASS" signature="afterClass()[pri:0, instance:testtower.NewTest@1f2afad]" name="afterClass" is-config="true" duration-ms="0" started-at="2015-07-07T19:18:27Z" finished-at="2015-07-07T19:18:27Z">
          <reporter-output>
          </reporter-output>
        </test-method> <!-- afterClass -->
      </class> <!-- testtower.NewTest -->
    </test> <!-- Default test -->
  </suite> <!-- Default suite -->
</testng-results>
