<?xml version="1.0" encoding="UTF-8"?>
<testng-results skipped="0" failed="1" total="4" passed="3">
  <reporter-output>
  </reporter-output>
  <suite name="Default suite" duration-ms="45525" started-at="2015-06-29T10:02:21Z" finished-at="2015-06-29T10:03:06Z">
    <groups>
    </groups>
    <test name="Default test" duration-ms="45525" started-at="2015-06-29T10:02:21Z" finished-at="2015-06-29T10:03:06Z">
      <class name="testtower.NewTest">
        <test-method status="PASS" signature="setup()[pri:0, instance:testtower.NewTest@438d57]" name="setup" is-config="true" duration-ms="639" started-at="2015-06-29T15:32:21Z" finished-at="2015-06-29T15:32:21Z">
          <reporter-output>
          </reporter-output>
        </test-method> <!-- setup -->
        <test-method status="PASS" signature="test1_Landing()[pri:0, instance:testtower.NewTest@438d57]" name="test1_Landing" duration-ms="702" started-at="2015-06-29T15:32:21Z" finished-at="2015-06-29T15:32:22Z">
          <reporter-output>
          </reporter-output>
        </test-method> <!-- test1_Landing -->
        <test-method status="PASS" signature="test2_Login()[pri:0, instance:testtower.NewTest@438d57]" name="test2_Login" duration-ms="13190" started-at="2015-06-29T15:32:22Z" finished-at="2015-06-29T15:32:35Z">
          <reporter-output>
          </reporter-output>
        </test-method> <!-- test2_Login -->
        <test-method status="PASS" signature="test3_NavigateToMenu()[pri:0, instance:testtower.NewTest@438d57]" name="test3_NavigateToMenu" duration-ms="14754" started-at="2015-06-29T15:32:35Z" finished-at="2015-06-29T15:32:50Z">
          <reporter-output>
          </reporter-output>
        </test-method> <!-- test3_NavigateToMenu -->
        <test-method status="FAIL" signature="test5_NavigateToHome()[pri:0, instance:testtower.NewTest@438d57]" name="test5_NavigateToHome" duration-ms="16193" started-at="2015-06-29T15:32:50Z" finished-at="2015-06-29T15:33:06Z">
          <exception class="org.openqa.selenium.NoSuchElementException">
            <message>
              <![CDATA[An element could not be located on the page using the given search parameters. (WARNING: The server did not provide any stacktrace information)
Command duration or timeout: 2.61 seconds
For documentation on this error, please visit: http://seleniumhq.org/exceptions/no_such_element.html
Build info: version: '2.45.0', revision: '5017cb8', time: '2015-02-26 23:59:50'
System info: host: 'CHDSEZ301299D', ip: '10.152.225.167', os.name: 'Windows 7', os.arch: 'x86', os.version: '6.1', java.version: '1.7.0_67'
*** Element info: {Using=id, value=com.tower.smartdriver:id/start_trip_btn}
Session ID: b71f3e11-584d-4c96-a00f-ce1e2b307f36
Driver info: org.openqa.selenium.remote.RemoteWebDriver
Capabilities [{platformVersion=5.1.1, platform=LINUX, databaseEnabled=false, javascriptEnabled=true, deviceName=0cbbdc0a032f9efa, browserName=Android, webStorageEnabled=false, networkConnectionEnabled=true, desired={}, locationContextEnabled=false, warnings={}, takesScreenshot=true}]]]>
            </message>
            <full-stacktrace>
              <![CDATA[org.openqa.selenium.NoSuchElementException: An element could not be located on the page using the given search parameters. (WARNING: The server did not provide any stacktrace information)
Command duration or timeout: 2.61 seconds
For documentation on this error, please visit: http://seleniumhq.org/exceptions/no_such_element.html
Build info: version: '2.45.0', revision: '5017cb8', time: '2015-02-26 23:59:50'
System info: host: 'CHDSEZ301299D', ip: '10.152.225.167', os.name: 'Windows 7', os.arch: 'x86', os.version: '6.1', java.version: '1.7.0_67'
*** Element info: {Using=id, value=com.tower.smartdriver:id/start_trip_btn}
Session ID: b71f3e11-584d-4c96-a00f-ce1e2b307f36
Driver info: org.openqa.selenium.remote.RemoteWebDriver
Capabilities [{platformVersion=5.1.1, platform=LINUX, databaseEnabled=false, javascriptEnabled=true, deviceName=0cbbdc0a032f9efa, browserName=Android, webStorageEnabled=false, networkConnectionEnabled=true, desired={}, locationContextEnabled=false, warnings={}, takesScreenshot=true}]
	at sun.reflect.NativeConstructorAccessorImpl.newInstance0(Native Method)
	at sun.reflect.NativeConstructorAccessorImpl.newInstance(NativeConstructorAccessorImpl.java:57)
	at sun.reflect.DelegatingConstructorAccessorImpl.newInstance(DelegatingConstructorAccessorImpl.java:45)
	at java.lang.reflect.Constructor.newInstance(Constructor.java:526)
	at org.openqa.selenium.remote.ErrorHandler.createThrowable(ErrorHandler.java:204)
	at org.openqa.selenium.remote.ErrorHandler.throwIfResponseFailed(ErrorHandler.java:156)
	at org.openqa.selenium.remote.RemoteWebDriver.execute(RemoteWebDriver.java:599)
	at org.openqa.selenium.remote.RemoteWebDriver.findElement(RemoteWebDriver.java:352)
	at org.openqa.selenium.remote.RemoteWebDriver.findElementById(RemoteWebDriver.java:393)
	at org.openqa.selenium.By$ById.findElement(By.java:214)
	at org.openqa.selenium.remote.RemoteWebDriver.findElement(RemoteWebDriver.java:344)
	at testtower.NewTest.test5_NavigateToHome(NewTest.java:106)
	at sun.reflect.NativeMethodAccessorImpl.invoke0(Native Method)
	at sun.reflect.NativeMethodAccessorImpl.invoke(NativeMethodAccessorImpl.java:57)
	at sun.reflect.DelegatingMethodAccessorImpl.invoke(DelegatingMethodAccessorImpl.java:43)
	at java.lang.reflect.Method.invoke(Method.java:606)
	at org.testng.internal.MethodInvocationHelper.invokeMethod(MethodInvocationHelper.java:84)
	at org.testng.internal.Invoker.invokeMethod(Invoker.java:714)
	at org.testng.internal.Invoker.invokeTestMethod(Invoker.java:901)
	at org.testng.internal.Invoker.invokeTestMethods(Invoker.java:1231)
	at org.testng.internal.TestMethodWorker.invokeTestMethods(TestMethodWorker.java:127)
	at org.testng.internal.TestMethodWorker.run(TestMethodWorker.java:111)
	at org.testng.TestRunner.privateRun(TestRunner.java:767)
	at org.testng.TestRunner.run(TestRunner.java:617)
	at org.testng.SuiteRunner.runTest(SuiteRunner.java:334)
	at org.testng.SuiteRunner.runSequentially(SuiteRunner.java:329)
	at org.testng.SuiteRunner.privateRun(SuiteRunner.java:291)
	at org.testng.SuiteRunner.run(SuiteRunner.java:240)
	at org.testng.SuiteRunnerWorker.runSuite(SuiteRunnerWorker.java:52)
	at org.testng.SuiteRunnerWorker.run(SuiteRunnerWorker.java:86)
	at org.testng.TestNG.runSuitesSequentially(TestNG.java:1224)
	at org.testng.TestNG.runSuitesLocally(TestNG.java:1149)
	at org.testng.TestNG.run(TestNG.java:1057)
	at org.testng.remote.RemoteTestNG.run(RemoteTestNG.java:111)
	at org.testng.remote.RemoteTestNG.initAndRun(RemoteTestNG.java:204)
	at org.testng.remote.RemoteTestNG.main(RemoteTestNG.java:175)
]]>
            </full-stacktrace>
          </exception> <!-- org.openqa.selenium.NoSuchElementException -->
          <reporter-output>
          </reporter-output>
        </test-method> <!-- test5_NavigateToHome -->
        <test-method status="PASS" signature="afterClass()[pri:0, instance:testtower.NewTest@438d57]" name="afterClass" is-config="true" duration-ms="0" started-at="2015-06-29T15:33:06Z" finished-at="2015-06-29T15:33:06Z">
          <reporter-output>
          </reporter-output>
        </test-method> <!-- afterClass -->
      </class> <!-- testtower.NewTest -->
    </test> <!-- Default test -->
  </suite> <!-- Default suite -->
</testng-results>
